----------------------------------------
Begin Torque Prologue on nid25253
at Sat Nov  9 00:36:56 CST 2019
Job Id:			10607793.bw
Username:		tra207
Group:			TRAIN_bayw
Job name:		6a
Requested resources:	nodes=01:ppn=16:xk,walltime=04:00:00,neednodes=01:ppn=16:xk
Queue:			normal
Account:		bayw
End Torque Prologue:  0.128 elapsed
----------------------------------------




Files already downloaded and verified

Epoch: 1 |Training Accuracy: 34.496882992327365 |Trainig Loss: 1.8745809119680654 | Time: 2.1934497157732644

Epoch: 2 |Training Accuracy: 53.19693094629156 |Trainig Loss: 1.3414940122143386 | Time: 2.170646297931671

Epoch: 3 |Training Accuracy: 62.046435421994886 |Trainig Loss: 1.0936078645689102 | Time: 2.1683261235555014

Epoch: 4 |Training Accuracy: 68.12859654731457 |Trainig Loss: 0.9283983042782835 | Time: 2.1679251114527385

Epoch: 5 |Training Accuracy: 72.1227621483376 |Trainig Loss: 0.813790242232935 | Time: 2.166188108921051

TESTING


Epoch: 5 |Testing Accuracy: 73.28916139240506 |Testing Loss: 0.7538234387771993 |Time: 0.17845145463943482

Epoch: 6 |Training Accuracy: 75.29971227621483 |Trainig Loss: 0.7267247337819366 | Time: 2.1648744066556294

Epoch: 7 |Training Accuracy: 77.71139705882354 |Trainig Loss: 0.6577992335609768 | Time: 2.164985990524292

Epoch: 8 |Training Accuracy: 79.20196611253196 |Trainig Loss: 0.6099908624006354 | Time: 2.168121039867401

Epoch: 9 |Training Accuracy: 81.014226342711 |Trainig Loss: 0.5637268912609276 | Time: 2.166854512691498

Epoch: 10 |Training Accuracy: 82.28700447570333 |Trainig Loss: 0.5240807444085855 | Time: 2.1711895068486533

TESTING


Epoch: 10 |Testing Accuracy: 78.0261075949367 |Testing Loss: 0.6208269026460527 |Time: 0.17931878964106243

Epoch: 11 |Training Accuracy: 83.2960358056266 |Trainig Loss: 0.49262452072194773 | Time: 2.1707040468851724

Epoch: 12 |Training Accuracy: 84.43494245524296 |Trainig Loss: 0.4644675037592573 | Time: 2.1629179318745932

Epoch: 13 |Training Accuracy: 85.15025575447571 |Trainig Loss: 0.43696878046330895 | Time: 2.1675252079963685

Epoch: 14 |Training Accuracy: 85.71171675191816 |Trainig Loss: 0.4182879212109939 | Time: 2.1718555370966595

Epoch: 15 |Training Accuracy: 86.80067135549872 |Trainig Loss: 0.38839175435893064 | Time: 2.165652358531952

TESTING


Epoch: 15 |Testing Accuracy: 82.61471518987342 |Testing Loss: 0.4829951683177224 |Time: 0.17892086903254192

Epoch: 16 |Training Accuracy: 87.2762148337596 |Trainig Loss: 0.37262739012460877 | Time: 2.1754345575968426

Epoch: 17 |Training Accuracy: 88.11940537084399 |Trainig Loss: 0.35269789363417176 | Time: 2.1652702927589416

Epoch: 18 |Training Accuracy: 88.51302749360613 |Trainig Loss: 0.3374075710849689 | Time: 2.167586561044057

Epoch: 19 |Training Accuracy: 89.07848465473145 |Trainig Loss: 0.3221179761392686 | Time: 2.1662609934806825

Epoch: 20 |Training Accuracy: 89.89570012787723 |Trainig Loss: 0.3029963472081572 | Time: 2.1667179226875306

TESTING


Epoch: 20 |Testing Accuracy: 83.60363924050633 |Testing Loss: 0.4594554429567313 |Time: 0.1783867915471395

Epoch: 21 |Training Accuracy: 90.12148337595907 |Trainig Loss: 0.2903527227585273 | Time: 2.166416609287262

Epoch: 22 |Training Accuracy: 90.66096547314578 |Trainig Loss: 0.27699854253503065 | Time: 2.1652608434359233

Epoch: 23 |Training Accuracy: 91.15049552429667 |Trainig Loss: 0.26284419198322784 | Time: 2.1664495627085367

Epoch: 24 |Training Accuracy: 91.5980658567775 |Trainig Loss: 0.25215419162722197 | Time: 2.1709922353426614

Epoch: 25 |Training Accuracy: 91.81585677749361 |Trainig Loss: 0.2411675608104757 | Time: 2.1670518199602764

TESTING


Epoch: 25 |Testing Accuracy: 83.59375 |Testing Loss: 0.47715539456922795 |Time: 0.17905420859654744

Epoch: 26 |Training Accuracy: 92.45923913043478 |Trainig Loss: 0.22693581259845164 | Time: 2.168542468547821

Epoch: 27 |Training Accuracy: 92.71898976982096 |Trainig Loss: 0.21933924803114913 | Time: 2.1673131148020426

Epoch: 28 |Training Accuracy: 92.79891304347827 |Trainig Loss: 0.21313174524346887 | Time: 2.168927200635274

Epoch: 29 |Training Accuracy: 93.12859654731457 |Trainig Loss: 0.204617731539947 | Time: 2.1682567834854125

Epoch: 30 |Training Accuracy: 93.34638746803068 |Trainig Loss: 0.1937250607192059 | Time: 2.168517510096232

TESTING


Epoch: 30 |Testing Accuracy: 84.80023734177215 |Testing Loss: 0.4346302204494235 |Time: 0.17905268669128419

Epoch: 31 |Training Accuracy: 93.59015345268543 |Trainig Loss: 0.18696638223384043 | Time: 2.1651143630345664

Epoch: 32 |Training Accuracy: 93.94980818414322 |Trainig Loss: 0.17705109734516924 | Time: 2.1655199925104776

Epoch: 33 |Training Accuracy: 94.14961636828644 |Trainig Loss: 0.1734881042252721 | Time: 2.16558891137441

Epoch: 34 |Training Accuracy: 94.36341112531969 |Trainig Loss: 0.1662330948426138 | Time: 2.166388523578644

Epoch: 35 |Training Accuracy: 94.8849104859335 |Trainig Loss: 0.15385164025113407 | Time: 2.1671239018440245

TESTING


Epoch: 35 |Testing Accuracy: 84.23655063291139 |Testing Loss: 0.47540266340291953 |Time: 0.17905029853185017

Epoch: 36 |Training Accuracy: 94.605179028133 |Trainig Loss: 0.15749867997892067 | Time: 2.1663164615631105

Epoch: 37 |Training Accuracy: 95.10469948849105 |Trainig Loss: 0.14633606132262808 | Time: 2.1709245006243387

Epoch: 38 |Training Accuracy: 95.3744405370844 |Trainig Loss: 0.14054080741027433 | Time: 2.1669177850087484

Epoch: 39 |Training Accuracy: 95.30850383631713 |Trainig Loss: 0.13997684929834303 | Time: 2.1653237382570905

Epoch: 40 |Training Accuracy: 95.70212595907928 |Trainig Loss: 0.12985758627276592 | Time: 2.1675886352856955

TESTING


Epoch: 40 |Testing Accuracy: 85.06724683544304 |Testing Loss: 0.46601745033565956 |Time: 0.17945315837860107

Epoch: 41 |Training Accuracy: 95.8020300511509 |Trainig Loss: 0.12522692708751124 | Time: 2.3278373440106708

Epoch: 42 |Training Accuracy: 95.89394181585678 |Trainig Loss: 0.12244823723650344 | Time: 2.174719548225403

Epoch: 43 |Training Accuracy: 95.95188618925832 |Trainig Loss: 0.12100491043932908 | Time: 2.1697245121002195

Epoch: 44 |Training Accuracy: 96.1556905370844 |Trainig Loss: 0.11662882488325733 | Time: 2.1655216932296755

Epoch: 45 |Training Accuracy: 96.18765984654732 |Trainig Loss: 0.11429475560365125 | Time: 2.200322389602661

TESTING


Epoch: 45 |Testing Accuracy: 85.4628164556962 |Testing Loss: 0.45470284189604504 |Time: 0.17918577194213867

Epoch: 46 |Training Accuracy: 96.21563299232737 |Trainig Loss: 0.1107475428277498 | Time: 2.1826547662417095

Epoch: 47 |Training Accuracy: 96.61325127877238 |Trainig Loss: 0.10156770929922838 | Time: 2.1640568176905313

Epoch: 48 |Training Accuracy: 96.4354219948849 |Trainig Loss: 0.10767457921944006 | Time: 2.1643898288408914

Epoch: 49 |Training Accuracy: 96.77709398976982 |Trainig Loss: 0.0982147446783531 | Time: 2.17025324900945

Epoch: 50 |Training Accuracy: 96.801070971867 |Trainig Loss: 0.09502123289591516 | Time: 2.2813897331555686

TESTING


Epoch: 50 |Testing Accuracy: 85.03757911392405 |Testing Loss: 0.4944444344013552 |Time: 0.17839006582895914

Epoch: 51 |Training Accuracy: 98.01190856777494 |Trainig Loss: 0.06327493891329564 | Time: 2.1622785369555158

Epoch: 52 |Training Accuracy: 98.48545396419438 |Trainig Loss: 0.052215344460723956 | Time: 2.1682571371396384

Epoch: 53 |Training Accuracy: 98.68326406649616 |Trainig Loss: 0.04549858404223419 | Time: 2.17072137594223

Epoch: 54 |Training Accuracy: 98.76318734015345 |Trainig Loss: 0.04318115049663483 | Time: 2.1673898379007976

Epoch: 55 |Training Accuracy: 98.83511828644501 |Trainig Loss: 0.040943530776426006 | Time: 2.249320928255717

TESTING


Epoch: 55 |Testing Accuracy: 87.2626582278481 |Testing Loss: 0.418713097896757 |Time: 0.186386243502299

Epoch: 56 |Training Accuracy: 98.8650895140665 |Trainig Loss: 0.04077809099155619 | Time: 2.2923389871915183

Epoch: 57 |Training Accuracy: 98.98897058823529 |Trainig Loss: 0.03668801340005358 | Time: 2.1725242137908936

Epoch: 58 |Training Accuracy: 99.01694373401534 |Trainig Loss: 0.03525191596935472 | Time: 2.1715224504470827

Epoch: 59 |Training Accuracy: 99.03692455242967 |Trainig Loss: 0.034127192948099294 | Time: 2.1684597015380858

Epoch: 60 |Training Accuracy: 99.04891304347827 |Trainig Loss: 0.034067867966868996 | Time: 2.1733830332756043

TESTING


Epoch: 60 |Testing Accuracy: 87.45055379746836 |Testing Loss: 0.4203422173291822 |Time: 0.17892035643259685

Epoch: 61 |Training Accuracy: 99.08088235294117 |Trainig Loss: 0.03244782076514972 | Time: 2.1699078758557637

Epoch: 62 |Training Accuracy: 99.07289002557545 |Trainig Loss: 0.032120799841097246 | Time: 2.1710399190584817

Epoch: 63 |Training Accuracy: 98.99696291560102 |Trainig Loss: 0.03288898792575159 | Time: 2.167331039905548

Epoch: 64 |Training Accuracy: 99.17679028132993 |Trainig Loss: 0.029758930020510693 | Time: 2.166327488422394

Epoch: 65 |Training Accuracy: 99.16480179028133 |Trainig Loss: 0.02886567955784252 | Time: 2.165118169784546

TESTING


Epoch: 65 |Testing Accuracy: 87.2626582278481 |Testing Loss: 0.4274514523110812 |Time: 0.17824884255727133

Epoch: 66 |Training Accuracy: 99.20875959079284 |Trainig Loss: 0.028464015354128444 | Time: 2.1670218308766684

Epoch: 67 |Training Accuracy: 99.1128516624041 |Trainig Loss: 0.03041864690297019 | Time: 2.171790345509847

Epoch: 68 |Training Accuracy: 99.22274616368287 |Trainig Loss: 0.02698320222666006 | Time: 2.1617893815040587

Epoch: 69 |Training Accuracy: 99.25071930946291 |Trainig Loss: 0.027062381870206206 | Time: 2.1650551716486612

Epoch: 70 |Training Accuracy: 99.24272698209718 |Trainig Loss: 0.026416928778924143 | Time: 2.1747181534767153

TESTING


Epoch: 70 |Testing Accuracy: 87.22310126582279 |Testing Loss: 0.4264046608269969 |Time: 0.1789215644200643

Epoch: 71 |Training Accuracy: 99.23673273657289 |Trainig Loss: 0.026346038009904687 | Time: 2.1725794712702435

Epoch: 72 |Training Accuracy: 99.22074808184144 |Trainig Loss: 0.026694355008509155 | Time: 2.165786874294281

Epoch: 73 |Training Accuracy: 99.26870204603581 |Trainig Loss: 0.025518620417684393 | Time: 2.16718719402949

Epoch: 74 |Training Accuracy: 99.26670396419438 |Trainig Loss: 0.02524342787359148 | Time: 2.16938849290212

Epoch: 75 |Training Accuracy: 99.2746962915601 |Trainig Loss: 0.025384644141701787 | Time: 2.1723886926968894

TESTING


Epoch: 75 |Testing Accuracy: 87.1934335443038 |Testing Loss: 0.4354673435416403 |Time: 0.17918936014175416

Epoch: 76 |Training Accuracy: 99.38459079283888 |Trainig Loss: 0.0229517658386389 | Time: 2.1731741309165953

Epoch: 77 |Training Accuracy: 99.35262148337596 |Trainig Loss: 0.022271312161079606 | Time: 2.1655210653940835

Epoch: 78 |Training Accuracy: 99.3985773657289 |Trainig Loss: 0.02309056345964103 | Time: 2.167387330532074

Epoch: 79 |Training Accuracy: 99.38059462915601 |Trainig Loss: 0.021821026049573405 | Time: 2.1702569484710694

Epoch: 80 |Training Accuracy: 99.34462915601023 |Trainig Loss: 0.022330207350042167 | Time: 2.1661235253016153

TESTING


Epoch: 80 |Testing Accuracy: 87.53955696202532 |Testing Loss: 0.42905862063546724 |Time: 0.17972031831741334

Epoch: 81 |Training Accuracy: 99.41656010230179 |Trainig Loss: 0.021988858406901207 | Time: 2.168146276473999

Epoch: 82 |Training Accuracy: 99.40856777493606 |Trainig Loss: 0.02161819207222413 | Time: 2.166788915793101

Epoch: 83 |Training Accuracy: 99.3985773657289 |Trainig Loss: 0.021162073530466355 | Time: 2.167255163192749

Epoch: 84 |Training Accuracy: 99.42655051150895 |Trainig Loss: 0.02113691519450425 | Time: 2.1667893052101137

Epoch: 85 |Training Accuracy: 99.41256393861893 |Trainig Loss: 0.02085909233821551 | Time: 2.1667219241460165

TESTING


Epoch: 85 |Testing Accuracy: 87.61867088607595 |Testing Loss: 0.4310108847633193 |Time: 0.17872088352839152

Epoch: 86 |Training Accuracy: 99.38459079283888 |Trainig Loss: 0.021650571430868962 | Time: 2.1659371415774027

Epoch: 87 |Training Accuracy: 99.4105658567775 |Trainig Loss: 0.021060409150598453 | Time: 2.1683903018633526

Epoch: 88 |Training Accuracy: 99.40856777493606 |Trainig Loss: 0.02074853471501747 | Time: 2.1660569945971173

Epoch: 89 |Training Accuracy: 99.43054667519182 |Trainig Loss: 0.02090485133659428 | Time: 2.1675837715466817

Epoch: 90 |Training Accuracy: 99.37859654731457 |Trainig Loss: 0.021284462069458974 | Time: 2.170786960919698

TESTING


Epoch: 90 |Testing Accuracy: 87.5988924050633 |Testing Loss: 0.431415708759163 |Time: 0.17979116042455037

Epoch: 91 |Training Accuracy: 99.43254475703324 |Trainig Loss: 0.020598102992167102 | Time: 2.1711679140726727

Epoch: 92 |Training Accuracy: 99.38259271099744 |Trainig Loss: 0.02136198083019775 | Time: 2.172591193517049

Epoch: 93 |Training Accuracy: 99.43054667519182 |Trainig Loss: 0.020228911248390633 | Time: 2.168593362967173

Epoch: 94 |Training Accuracy: 99.454523657289 |Trainig Loss: 0.019923942909121056 | Time: 2.17385098139445

Epoch: 95 |Training Accuracy: 99.44053708439898 |Trainig Loss: 0.020168263312724546 | Time: 2.164858639240265

TESTING


Epoch: 95 |Testing Accuracy: 87.72745253164557 |Testing Loss: 0.43136394193655325 |Time: 0.17958501974741617

Epoch: 96 |Training Accuracy: 99.454523657289 |Trainig Loss: 0.019983389276696746 | Time: 2.1679321408271788

Epoch: 97 |Training Accuracy: 99.43254475703324 |Trainig Loss: 0.020409220126945803 | Time: 2.1730541706085207

Epoch: 98 |Training Accuracy: 99.4045716112532 |Trainig Loss: 0.0214558312135851 | Time: 2.1689826250076294

Epoch: 99 |Training Accuracy: 99.39657928388746 |Trainig Loss: 0.021231179287576157 | Time: 2.170998446146647

Epoch: 100 |Training Accuracy: 99.42655051150895 |Trainig Loss: 0.020365103864875597 | Time: 2.1677219827969867

TESTING


Epoch: 100 |Testing Accuracy: 87.61867088607595 |Testing Loss: 0.43349931266488906 |Time: 0.17898239294687907
Application 82159374 network throttled: 1 node throttled, 00:00:36 node-seconds
Application 82159374 balanced injection 100, after throttle 63
Application 82159374 resources: utime ~12709s, stime ~574s, Rss ~1567844, inblocks ~1594065, outblocks ~470802
